{
  "RSpec": {
    "coverage": {
      "/Users/kdhubbard/mod_5/personal_projects/book-chat-api/config/environment.rb": {
        "lines": [
          null,
          1,
          null,
          null,
          1
        ]
      },
      "/Users/kdhubbard/mod_5/personal_projects/book-chat-api/config/application.rb": {
        "lines": [
          1,
          null,
          1,
          null,
          1,
          1,
          1,
          1,
          1,
          1,
          1,
          1,
          1,
          1,
          null,
          null,
          null,
          null,
          1,
          null,
          1,
          1,
          null,
          1,
          null,
          null,
          null,
          null,
          null,
          null,
          null,
          null,
          null,
          null,
          null,
          null,
          1,
          null,
          null
        ]
      },
      "/Users/kdhubbard/mod_5/personal_projects/book-chat-api/config/boot.rb": {
        "lines": [
          1,
          null,
          1,
          1
        ]
      },
      "/Users/kdhubbard/mod_5/personal_projects/book-chat-api/config/environments/test.rb": {
        "lines": [
          1,
          null,
          null,
          null,
          null,
          null,
          null,
          1,
          null,
          null,
          null,
          1,
          null,
          null,
          null,
          null,
          1,
          null,
          null,
          1,
          1,
          null,
          null,
          null,
          null,
          1,
          1,
          1,
          null,
          null,
          1,
          null,
          null,
          1,
          null,
          null,
          1,
          null,
          1,
          null,
          null,
          null,
          null,
          1,
          null,
          null,
          1,
          null,
          null,
          1,
          null,
          null,
          1,
          null,
          null,
          null,
          null,
          null,
          null,
          null
        ]
      },
      "/Users/kdhubbard/mod_5/personal_projects/book-chat-api/config/initializers/cors.rb": {
        "lines": [
          null,
          null,
          null,
          null,
          null,
          null,
          null,
          null,
          null,
          null,
          null,
          null,
          null,
          null,
          null,
          null
        ]
      },
      "/Users/kdhubbard/mod_5/personal_projects/book-chat-api/config/initializers/filter_parameter_logging.rb": {
        "lines": [
          null,
          null,
          null,
          null,
          null,
          1,
          null,
          null
        ]
      },
      "/Users/kdhubbard/mod_5/personal_projects/book-chat-api/config/initializers/inflections.rb": {
        "lines": [
          null,
          null,
          null,
          null,
          null,
          null,
          null,
          null,
          null,
          null,
          null,
          null,
          null,
          null,
          null,
          null
        ]
      },
      "/Users/kdhubbard/mod_5/personal_projects/book-chat-api/config/routes.rb": {
        "lines": [
          1,
          null,
          null,
          null,
          null,
          null
        ]
      },
      "/Users/kdhubbard/mod_5/personal_projects/book-chat-api/app/models/book_club_book.rb": {
        "lines": [
          1,
          1,
          1,
          1,
          null
        ]
      },
      "/Users/kdhubbard/mod_5/personal_projects/book-chat-api/app/models/application_record.rb": {
        "lines": [
          1,
          1,
          null
        ]
      },
      "/Users/kdhubbard/mod_5/personal_projects/book-chat-api/spec/models/book_club_spec.rb": {
        "lines": [
          1,
          null,
          1,
          1,
          2,
          2,
          null,
          null,
          1,
          2,
          2,
          2,
          2,
          2,
          2,
          2,
          null,
          null
        ]
      },
      "/Users/kdhubbard/mod_5/personal_projects/book-chat-api/app/models/book_club.rb": {
        "lines": [
          1,
          1,
          1,
          1,
          null,
          1,
          1,
          1,
          1,
          1,
          1,
          1,
          null
        ]
      },
      "/Users/kdhubbard/mod_5/personal_projects/book-chat-api/spec/models/book_club_subject_spec.rb": {
        "lines": [
          1,
          null,
          1,
          1,
          null
        ]
      },
      "/Users/kdhubbard/mod_5/personal_projects/book-chat-api/app/models/book_club_subject.rb": {
        "lines": [
          1,
          1,
          1,
          null
        ]
      },
      "/Users/kdhubbard/mod_5/personal_projects/book-chat-api/spec/models/book_club_user_spec.rb": {
        "lines": [
          1,
          null,
          1,
          1,
          null
        ]
      },
      "/Users/kdhubbard/mod_5/personal_projects/book-chat-api/app/models/book_club_user.rb": {
        "lines": [
          1,
          1,
          1,
          null
        ]
      },
      "/Users/kdhubbard/mod_5/personal_projects/book-chat-api/spec/models/book_spec.rb": {
        "lines": [
          1,
          null,
          1,
          1,
          null
        ]
      },
      "/Users/kdhubbard/mod_5/personal_projects/book-chat-api/app/models/book.rb": {
        "lines": [
          1,
          null
        ]
      },
      "/Users/kdhubbard/mod_5/personal_projects/book-chat-api/spec/models/meeting_spec.rb": {
        "lines": [
          1,
          null,
          1,
          1,
          null
        ]
      },
      "/Users/kdhubbard/mod_5/personal_projects/book-chat-api/app/models/meeting.rb": {
        "lines": [
          1,
          1,
          null
        ]
      },
      "/Users/kdhubbard/mod_5/personal_projects/book-chat-api/spec/models/subject_spec.rb": {
        "lines": [
          1,
          null,
          1,
          1,
          null
        ]
      },
      "/Users/kdhubbard/mod_5/personal_projects/book-chat-api/app/models/subject.rb": {
        "lines": [
          1,
          null
        ]
      },
      "/Users/kdhubbard/mod_5/personal_projects/book-chat-api/spec/models/user_book_spec.rb": {
        "lines": [
          1,
          null,
          1,
          1,
          null
        ]
      },
      "/Users/kdhubbard/mod_5/personal_projects/book-chat-api/app/models/user_book.rb": {
        "lines": [
          1,
          1,
          1,
          null
        ]
      },
      "/Users/kdhubbard/mod_5/personal_projects/book-chat-api/spec/models/user_spec.rb": {
        "lines": [
          1,
          null,
          1,
          1,
          null
        ]
      },
      "/Users/kdhubbard/mod_5/personal_projects/book-chat-api/app/models/user.rb": {
        "lines": [
          1,
          null
        ]
      }
    },
    "timestamp": 1702571773
  }
}
